<?xml version="1.0" encoding="UTF-8"?>
<!-- Generated by org.testng.reporters.JUnitReportReporter -->
<testsuite hostname="DESKTOP-FKGOML4" failures="0" tests="5" name="SendMailTest" time="310.462" errors="0" timestamp="2021-04-20T22:57:29 EEST" skipped="0">
  <testcase classname="SendMailTest" name="testSendMailFromActiveAccountCheckInSentDeleteLetter" time="61.525"/>
  <system-out/>
  <testcase classname="SendMailTest" name="testSendMailFromActiveAccountCheckInSentDeleteLetter" time="60.477"/>
  <system-out/>
  <testcase classname="SendMailTest" name="testSendMailFromActiveAccountCheckInSentDeleteLetter" time="66.957"/>
  <system-out/>
  <testcase classname="SendMailTest" name="testSendMailFromActiveAccountCheckInSentDeleteLetter" time="61.590"/>
  <system-out/>
  <testcase classname="SendMailTest" name="testSendMailFromActiveAccountCheckInSentDeleteLetter" time="59.913"/>
  <system-out/>
</testsuite> <!-- SendMailTest -->
